Release 14.7 - xst P.20131013 (nt64)
Copyright (c) 1995-2013 Xilinx, Inc.  All rights reserved.
--> Parameter TMPDIR set to xst/projnav.tmp


Total REAL time to Xst completion: 1.00 secs
Total CPU time to Xst completion: 0.10 secs
 
--> Parameter xsthdpdir set to xst


Total REAL time to Xst completion: 1.00 secs
Total CPU time to Xst completion: 0.11 secs
 
--> Reading design: i2s_to_parallel.prj

TABLE OF CONTENTS
  1) Synthesis Options Summary
  2) HDL Parsing
  3) HDL Elaboration
  4) HDL Synthesis
       4.1) HDL Synthesis Report
  5) Advanced HDL Synthesis
       5.1) Advanced HDL Synthesis Report
  6) Low Level Synthesis
  7) Partition Report
  8) Design Summary
       8.1) Primitive and Black Box Usage
       8.2) Device utilization summary
       8.3) Partition Resource Summary
       8.4) Timing Report
            8.4.1) Clock Information
            8.4.2) Asynchronous Control Signals Information
            8.4.3) Timing Summary
            8.4.4) Timing Details
            8.4.5) Cross Clock Domains Report


=========================================================================
*                      Synthesis Options Summary                        *
=========================================================================
---- Source Parameters
Input File Name                    : "i2s_to_parallel.prj"
Ignore Synthesis Constraint File   : NO

---- Target Parameters
Output File Name                   : "i2s_to_parallel"
Output Format                      : NGC
Target Device                      : xc6slx25-2-ftg256

---- Source Options
Top Module Name                    : i2s_to_parallel
Automatic FSM Extraction           : YES
FSM Encoding Algorithm             : Auto
Safe Implementation                : No
FSM Style                          : LUT
RAM Extraction                     : Yes
RAM Style                          : Auto
ROM Extraction                     : Yes
Shift Register Extraction          : YES
ROM Style                          : Auto
Resource Sharing                   : YES
Asynchronous To Synchronous        : NO
Shift Register Minimum Size        : 2
Use DSP Block                      : Auto
Automatic Register Balancing       : No

---- Target Options
LUT Combining                      : Auto
Reduce Control Sets                : Auto
Add IO Buffers                     : YES
Global Maximum Fanout              : 100000
Add Generic Clock Buffer(BUFG)     : 16
Register Duplication               : YES
Optimize Instantiated Primitives   : NO
Use Clock Enable                   : Auto
Use Synchronous Set                : Auto
Use Synchronous Reset              : Auto
Pack IO Registers into IOBs        : Auto
Equivalent register Removal        : YES

---- General Options
Optimization Goal                  : Speed
Optimization Effort                : 1
Power Reduction                    : NO
Keep Hierarchy                     : Yes
Netlist Hierarchy                  : As_Optimized
RTL Output                         : Yes
Global Optimization                : AllClockNets
Read Cores                         : YES
Write Timing Constraints           : NO
Cross Clock Analysis               : NO
Hierarchy Separator                : /
Bus Delimiter                      : <>
Case Specifier                     : Maintain
Slice Utilization Ratio            : 100
BRAM Utilization Ratio             : 100
DSP48 Utilization Ratio            : 100
Auto BRAM Packing                  : NO
Slice Utilization Ratio Delta      : 5

---- Other Options
Cores Search Directories           : {"ipcore_dir"  }

=========================================================================


=========================================================================
*                          HDL Parsing                                  *
=========================================================================
Parsing VHDL file "E:\CODE\IBD\IBS300\src\i2s_to_parallel.vhd" into library work
Parsing entity <i2s_to_parallel>.
Parsing architecture <Behavioral> of entity <i2s_to_parallel>.

=========================================================================
*                            HDL Elaboration                            *
=========================================================================

Elaborating entity <i2s_to_parallel> (architecture <Behavioral>) with generics from library <work>.
WARNING:HDLCompiler:1127 - "E:\CODE\IBD\IBS300\src\i2s_to_parallel.vhd" Line 81: Assignment to output_strobed ignored, since the identifier is never used

=========================================================================
*                           HDL Synthesis                               *
=========================================================================

Synthesizing Unit <i2s_to_parallel>.
    Related source file is "E:\CODE\IBD\IBS300\src\i2s_to_parallel.vhd".
        width = 16
    Found 1-bit register for signal <current_lr>.
    Found 1-bit register for signal <STROBE>.
    Found 16-bit register for signal <DATA_R>.
    Found 16-bit register for signal <shift_reg>.
    Found 16-bit register for signal <DATA_L>.
    Found 5-bit register for signal <counter>.
    Found 1-bit register for signal <STROBE_LR>.
    Found 5-bit subtractor for signal <GND_3_o_GND_3_o_sub_2_OUT<4:0>> created at line 110.
    Found 5-bit comparator greater for signal <GND_3_o_counter[4]_LessThan_1_o> created at line 106
    Summary:
	inferred   1 Adder/Subtractor(s).
	inferred  56 D-type flip-flop(s).
	inferred   1 Comparator(s).
	inferred   2 Multiplexer(s).
Unit <i2s_to_parallel> synthesized.

=========================================================================
HDL Synthesis Report

Macro Statistics
# Adders/Subtractors                                   : 1
 5-bit subtractor                                      : 1
# Registers                                            : 7
 1-bit register                                        : 3
 16-bit register                                       : 3
 5-bit register                                        : 1
# Comparators                                          : 1
 5-bit comparator greater                              : 1
# Multiplexers                                         : 2
 16-bit 2-to-1 multiplexer                             : 1
 5-bit 2-to-1 multiplexer                              : 1
# Xors                                                 : 1
 1-bit xor2                                            : 1

=========================================================================

=========================================================================
*                       Advanced HDL Synthesis                          *
=========================================================================

WARNING:Xst:2677 - Node <shift_reg_15> of sequential type is unconnected in block <i2s_to_parallel>.

Synthesizing (advanced) Unit <i2s_to_parallel>.
The following registers are absorbed into counter <counter>: 1 register on signal <counter>.
Unit <i2s_to_parallel> synthesized (advanced).
WARNING:Xst:2677 - Node <shift_reg_15> of sequential type is unconnected in block <i2s_to_parallel>.

=========================================================================
Advanced HDL Synthesis Report

Macro Statistics
# Counters                                             : 1
 5-bit down counter                                    : 1
# Registers                                            : 50
 Flip-Flops                                            : 50
# Comparators                                          : 1
 5-bit comparator greater                              : 1
# Multiplexers                                         : 1
 16-bit 2-to-1 multiplexer                             : 1
# Xors                                                 : 1
 1-bit xor2                                            : 1

=========================================================================

=========================================================================
*                         Low Level Synthesis                           *
=========================================================================
WARNING:Xst:3002 - This design contains one or more registers/latches that are directly
   incompatible with the Spartan6 architecture. The two primary causes of this is
   either a register or latch described with both an asynchronous set and
   asynchronous reset, or a register or latch described with an asynchronous
   set or reset which however has an initialization value of the opposite 
   polarity (i.e. asynchronous reset with an initialization value of 1).
    While this circuit can be built, it creates a sub-optimal implementation
   in terms of area, power and performance. For a more optimal implementation
   Xilinx highly recommends one of the following:

          1) Remove either the set or reset from all registers and latches
             if not needed for required functionality
          2) Modify the code in order to produce a synchronous set
             and/or reset (both is preferred)
          3) Ensure all registers have the same initialization value as the
             described asynchronous set or reset polarity
          4) Use the -async_to_sync option to transform the asynchronous
             set/reset to synchronous operation
             (timing simulation highly recommended when using this option)

  Please refer to http://www.xilinx.com search string "Spartan6 asynchronous set/reset" for more details.

  List of register instances with asynchronous set or reset and opposite initialization value:
    counter_4 in unit <i2s_to_parallel>


Optimizing unit <i2s_to_parallel> ...

Mapping all equations...
Building and optimizing final netlist ...
Found area constraint ratio of 100 (+ 5) on block i2s_to_parallel, actual ratio is 0.
WARNING:Xst:1426 - The value init of the FF/Latch counter_4_LD hinder the constant cleaning in the block i2s_to_parallel.
   You should achieve better results by setting this init to 1.
FlipFlop current_lr has been replicated 1 time(s)

Final Macro Processing ...

=========================================================================
Final Register Report

Macro Statistics
# Registers                                            : 57
 Flip-Flops                                            : 57

=========================================================================

=========================================================================
*                           Partition Report                            *
=========================================================================

Partition Implementation Status
-------------------------------

  No Partitions were found in this design.

-------------------------------

=========================================================================
*                            Design Summary                             *
=========================================================================

Top Level Output File Name         : i2s_to_parallel.ngc

Primitive and Black Box Usage:
------------------------------
# BELS                             : 66
#      INV                         : 3
#      LUT2                        : 3
#      LUT3                        : 1
#      LUT4                        : 34
#      LUT5                        : 18
#      LUT6                        : 6
#      VCC                         : 1
# FlipFlops/Latches                : 58
#      FDC                         : 21
#      FDCE                        : 33
#      FDE                         : 2
#      FDPE                        : 1
#      LD                          : 1
# Clock Buffers                    : 2
#      BUFG                        : 1
#      BUFGP                       : 1
# IO Buffers                       : 37
#      IBUF                        : 3
#      OBUF                        : 34

Device utilization summary:
---------------------------

Selected Device : 6slx25ftg256-2 


Slice Logic Utilization: 
 Number of Slice Registers:              58  out of  30064     0%  
 Number of Slice LUTs:                   65  out of  15032     0%  
    Number used as Logic:                65  out of  15032     0%  

Slice Logic Distribution: 
 Number of LUT Flip Flop pairs used:     69
   Number with an unused Flip Flop:      11  out of     69    15%  
   Number with an unused LUT:             4  out of     69     5%  
   Number of fully used LUT-FF pairs:    54  out of     69    78%  
   Number of unique control sets:         7

IO Utilization: 
 Number of IOs:                          38
 Number of bonded IOBs:                  38  out of    186    20%  

Specific Feature Utilization:
 Number of BUFG/BUFGCTRLs:                2  out of     16    12%  

---------------------------
Partition Resource Summary:
---------------------------

  No Partitions were found in this design.

---------------------------


=========================================================================
Timing Report

NOTE: THESE TIMING NUMBERS ARE ONLY A SYNTHESIS ESTIMATE.
      FOR ACCURATE TIMING INFORMATION PLEASE REFER TO THE TRACE REPORT
      GENERATED AFTER PLACE-and-ROUTE.

Clock Information:
------------------
-----------------------------------+------------------------+-------+
Clock Signal                       | Clock buffer(FF name)  | Load  |
-----------------------------------+------------------------+-------+
BIT_CK                             | BUFGP                  | 57    |
RESET                              | IBUF+BUFG              | 1     |
-----------------------------------+------------------------+-------+

Asynchronous Control Signals Information:
----------------------------------------
No asynchronous control signals found in this design

Timing Summary:
---------------
Speed Grade: -2

   Minimum period: 4.232ns (Maximum Frequency: 236.295MHz)
   Minimum input arrival time before clock: 5.279ns
   Maximum output required time after clock: 4.162ns
   Maximum combinational path delay: No path found

Timing Details:
---------------
All values displayed in nanoseconds (ns)

=========================================================================
Timing constraint: Default period analysis for Clock 'BIT_CK'
  Clock period: 4.232ns (frequency: 236.295MHz)
  Total number of paths / destination ports: 501 / 91
-------------------------------------------------------------------------
Delay:               4.232ns (Levels of Logic = 3)
  Source:            counter_4_C_4 (FF)
  Destination:       STROBE_LR (FF)
  Source Clock:      BIT_CK rising
  Destination Clock: BIT_CK rising

  Data Path: counter_4_C_4 to STROBE_LR
                                Gate     Net
    Cell:in->out      fanout   Delay   Delay  Logical Name (Net Name)
    ----------------------------------------  ------------
     FDE:C->Q              1   0.525   0.790  counter_4_C_4 (counter_4_C_4)
     LUT3:I1->O            6   0.250   0.876  counter_41 (counter_4)
     LUT5:I4->O           17   0.254   1.209  _n0065_inv11 (_n0065_inv1)
     LUT4:I3->O            1   0.254   0.000  STROBE_LR_dpot (STROBE_LR_dpot)
     FDE:D                     0.074          STROBE_LR
    ----------------------------------------
    Total                      4.232ns (1.357ns logic, 2.875ns route)
                                       (32.1% logic, 67.9% route)

=========================================================================
Timing constraint: Default OFFSET IN BEFORE for Clock 'BIT_CK'
  Total number of paths / destination ports: 137 / 116
-------------------------------------------------------------------------
Offset:              5.279ns (Levels of Logic = 3)
  Source:            LR_CK (PAD)
  Destination:       shift_reg_0 (FF)
  Destination Clock: BIT_CK rising

  Data Path: LR_CK to shift_reg_0
                                Gate     Net
    Cell:in->out      fanout   Delay   Delay  Logical Name (Net Name)
    ----------------------------------------  ------------
     IBUF:I->O            57   1.328   2.330  LR_CK_IBUF (LR_CK_IBUF)
     LUT6:I0->O           11   0.254   1.039  _n0078_inv1 (_n0078_inv)
     LUT5:I4->O            1   0.254   0.000  counter_1_rstpot (counter_1_rstpot)
     FDC:D                     0.074          counter_1
    ----------------------------------------
    Total                      5.279ns (1.910ns logic, 3.369ns route)
                                       (36.2% logic, 63.8% route)

=========================================================================
Timing constraint: Default OFFSET OUT AFTER for Clock 'BIT_CK'
  Total number of paths / destination ports: 34 / 34
-------------------------------------------------------------------------
Offset:              4.162ns (Levels of Logic = 1)
  Source:            DATA_L_15 (FF)
  Destination:       DATA_L<15> (PAD)
  Source Clock:      BIT_CK rising

  Data Path: DATA_L_15 to DATA_L<15>
                                Gate     Net
    Cell:in->out      fanout   Delay   Delay  Logical Name (Net Name)
    ----------------------------------------  ------------
     FDCE:C->Q             2   0.525   0.725  DATA_L_15 (DATA_L_15)
     OBUF:I->O                 2.912          DATA_L_15_OBUF (DATA_L<15>)
    ----------------------------------------
    Total                      4.162ns (3.437ns logic, 0.725ns route)
                                       (82.6% logic, 17.4% route)

=========================================================================

Cross Clock Domains Report:
--------------------------

Clock to Setup on destination clock BIT_CK
---------------+---------+---------+---------+---------+
               | Src:Rise| Src:Fall| Src:Rise| Src:Fall|
Source Clock   |Dest:Rise|Dest:Rise|Dest:Fall|Dest:Fall|
---------------+---------+---------+---------+---------+
BIT_CK         |    4.232|         |         |         |
RESET          |    4.393|         |         |         |
---------------+---------+---------+---------+---------+

=========================================================================


Total REAL time to Xst completion: 9.00 secs
Total CPU time to Xst completion: 8.70 secs
 
--> 

Total memory usage is 258452 kilobytes

Number of errors   :    0 (   0 filtered)
Number of warnings :    5 (   0 filtered)
Number of infos    :    0 (   0 filtered)

